var a = 1000000000000000;
undefined
typeof a;
'number'
a;
1000000000000000
a=45435345456456456456745689456458769845796794587674597645;
4.543534545645646e+55
a=45435345456456456456745689456458769845796794587674597645n;
45435345456456456456745689456458769845796794587674597645n
typeof a;
'bigint'
a = BigInt("557438957438975893475973498579348759384579843");
557438957438975893475973498579348759384579843n
10000n + 5454n;
15454n
434343434n + 54354353;
VM407:1 Uncaught TypeError: Cannot mix BigInt and other types, use explicit conversions
    at <anonymous>:1:12
(anonymous) @ VM407:1
543543543543543543n + 100n
543543543543543643n
var e = undefined;
undefined
typeof e;
'undefined'
e.toUpperCase();
VM628:1 Uncaught TypeError: Cannot read properties of undefined (reading 'toUpperCase')
    at <anonymous>:1:3
(anonymous) @ VM628:1
t++;
VM641:1 Uncaught ReferenceError: t is not defined
    at <anonymous>:1:1
(anonymous) @ VM641:1
var arr = [100,200,300,400];
undefined
typeof arr;
'object'
arr.length;
4
arr.push(1000);
5
arr;
(5) [100, 200, 300, 400, 1000]
arr.pop();
1000
arr;
(4) [100, 200, 300, 400]
arr = null;
null
arr;
null
typeof arr;
'object'
var t = Symbol();
undefined
t;
Symbol()
var t2 = Symbol();
undefined
t2;
Symbol()
t == t2;
false
Symbol() == Symbol();
false
10 == 10;
true
10 == "10";
true
10 === "10"
false
10 ===10
true
var e = [1,2,3,4]; 
undefined
var phones = {"amit":2222, "ram":4444, "shyam":5555};
undefined
e;
(4) [1, 2, 3, 4]
e[0];
1
phones['amit'];
2222
typeof phones;
'object'
typeof e;
'object'
e instanceof Array;
true
phones instanceof Array;
false
phones instanceof Object;
true
typeof Array;
'function'
typeof Object;
'function'
e;
(4) [1, 2, 3, 4]
e instanceof Array;
true
e instanceof Object;
true
phones instanceof Array;
false
phones instanceof Object;
true
phones['amit'];
2222
phones.amit;
2222
